<?xml version="1.0" encoding="UTF-8"?>
<!-- Generated by org.testng.reporters.JUnitXMLReporter -->
<testsuite ignored="4" hostname="DELIGENCEs-Laptop-2.local" failures="0" tests="12" name="Test" time="41.32" errors="0" timestamp="2025-01-24T14:35:41 IST">
  <testcase classname="com.SignUP" name="Sign_Up_with_Valid_Credentials" time="10.831"/>
  <testcase classname="com.SignUP" name="Sign_Up_with_an_already_Registered_Email" time="3.034"/>
  <testcase classname="com.SignUP" name="SignUp_with_an_Invalid_EmailID" time="1.163"/>
  <testcase classname="com.SignUP" name="SignUp_with_Password_ConfirmPassword_Missmatch" time="1.066"/>
  <testcase classname="com.SignUP" name="SignUp_with_a_Password_Less_Than_6_Characters" time="1.048"/>
  <testcase classname="com.SignUP" name="SignUp_with_an_Email_Containing_Invalid_Characters_Space" time="1.067"/>
  <testcase classname="com.SignUP" name="SignUp_with_an_Password_Containing_Invalid_Characters_Space" time="1.101"/>
  <testcase classname="com.Login" name="Login_with_valid_usernameAndpassword" time="3.047"/>
  <testcase classname="com.Login" name="Login_with_valid_emailAndpassword" time="3.658"/>
  <testcase classname="com.Login" name="Login_with_Invalid_username" time="5.062"/>
  <testcase classname="com.Login" name="Login_with_Invalid_Gmail" time="5.131"/>
  <testcase classname="com.Login" name="Login_with_Invalid_Password" time="5.077"/>
  <testcase classname="Resource.BaseTest" name="@AfterSuite quitPlaywright" time="0.0">
    <ignored/>
  </testcase> <!-- @AfterSuite quitPlaywright -->
  <testcase classname="Resource.BaseTest" name="@AfterSuite quitPlaywright" time="0.0">
    <ignored/>
  </testcase> <!-- @AfterSuite quitPlaywright -->
  <testcase classname="Resource.BaseTest" name="@BeforeSuite setUp" time="0.0">
    <ignored/>
  </testcase> <!-- @BeforeSuite setUp -->
  <testcase classname="Resource.BaseTest" name="@BeforeSuite setUp" time="0.0">
    <ignored/>
  </testcase> <!-- @BeforeSuite setUp -->
</testsuite> <!-- Test -->
