<?xml version="1.0" encoding="UTF-8"?>
<testsuite xmlns:xsi="http://www.w3.org/2001/XMLSchema-instance" xsi:noNamespaceSchemaLocation="https://maven.apache.org/surefire/maven-surefire-plugin/xsd/surefire-test-report.xsd" version="3.0.2" name="TestSuite" time="48.628" tests="12" errors="0" skipped="0" failures="0">
  <properties>
[...]
</properties>
  <testcase name="Sign_Up_with_Valid_Credentials" classname="com.SignUP" time="10.829">
    <system-out><![CDATA[After performing  Sign up, I have deleted the new account and fetching the title of the page:-Classroom Jeopardy Review Game | Buzzer Mode | Factile
]]></system-out>
    <system-err><![CDATA[SLF4J: Failed to load class "org.slf4j.impl.StaticLoggerBinder".
SLF4J: Defaulting to no-operation (NOP) logger implementation
SLF4J: See http://www.slf4j.org/codes.html#StaticLoggerBinder for further details.
]]></system-err>
  </testcase>
  <testcase name="Sign_Up_with_an_already_Registered_Email" classname="com.SignUP" time="3.027"/>
  <testcase name="SignUp_with_an_Invalid_EmailID" classname="com.SignUP" time="1.162"/>
  <testcase name="SignUp_with_Password_ConfirmPassword_Missmatch" classname="com.SignUP" time="1.067"/>
  <testcase name="SignUp_with_a_Password_Less_Than_6_Characters" classname="com.SignUP" time="1.048"/>
  <testcase name="SignUp_with_an_Email_Containing_Invalid_Characters_Space" classname="com.SignUP" time="1.067"/>
  <testcase name="SignUp_with_an_Password_Containing_Invalid_Characters_Space" classname="com.SignUP" time="1.101"/>
  <testcase name="Login_with_valid_usernameAndpassword" classname="com.Login" time="3.054"/>
  <testcase name="Login_with_valid_emailAndpassword" classname="com.Login" time="3.658"/>
  <testcase name="Login_with_Invalid_username" classname="com.Login" time="5.063"/>
  <testcase name="Login_with_Invalid_Gmail" classname="com.Login" time="5.134"/>
  <testcase name="Login_with_Invalid_Password" classname="com.Login" time="5.077"/>
</testsuite>